<?xml version="1.0" encoding="UTF-8"?>
<testsuite name="PublisherSpec" tests="2" skipped="0" failures="0" errors="0" timestamp="2020-10-26T03:03:34" hostname="ssrinivasan--MacBookPro15" time="0.001">
  <properties/>
  <testcase name="Test publisher instantiation" classname="PublisherSpec" time="0.001"/>
  <testcase name="Test publisher publish" classname="PublisherSpec" time="0.0"/>
  <system-out><![CDATA[]]></system-out>
  <system-err><![CDATA[]]></system-err>
</testsuite>
