<?xml version="1.0" encoding="UTF-8"?>
<testsuite name="RecordSpec" tests="1" skipped="0" failures="0" errors="0" timestamp="2020-10-26T03:03:34" hostname="ssrinivasan--MacBookPro15" time="0.0">
  <properties/>
  <testcase name="Test record" classname="RecordSpec" time="0.0"/>
  <system-out><![CDATA[]]></system-out>
  <system-err><![CDATA[]]></system-err>
</testsuite>
