<?xml version="1.0" encoding="UTF-8"?>
<testsuite name="OrderSpec" tests="1" skipped="0" failures="0" errors="0" timestamp="2020-10-26T03:03:33" hostname="ssrinivasan--MacBookPro15" time="0.004">
  <properties/>
  <testcase name="Test reading and dispatching orders" classname="OrderSpec" time="0.004"/>
  <system-out><![CDATA[]]></system-out>
  <system-err><![CDATA[]]></system-err>
</testsuite>
