<?xml version="1.0" encoding="UTF-8"?>
<testsuite name="OrderSerDesSpec" tests="2" skipped="0" failures="0" errors="0" timestamp="2020-10-26T03:03:33" hostname="ssrinivasan--MacBookPro15" time="0.132">
  <properties/>
  <testcase name="Test Order serialization" classname="OrderSerDesSpec" time="0.113"/>
  <testcase name="Test Order de-serialization" classname="OrderSerDesSpec" time="0.019"/>
  <system-out><![CDATA[]]></system-out>
  <system-err><![CDATA[]]></system-err>
</testsuite>
